<?xml version="1.0" encoding="UTF-8"?>
<testsuite xmlns:xsi="http://www.w3.org/2001/XMLSchema-instance" xsi:noNamespaceSchemaLocation="https://maven.apache.org/surefire/maven-surefire-plugin/xsd/surefire-test-report.xsd" version="3.0.2" name="carlos.mejia.authservi.AuthservicioApplicationTests" time="12.19" tests="1" errors="0" skipped="0" failures="0">
  <properties>
[...]
</properties>
  <testcase name="contextLoads" classname="carlos.mejia.authservi.AuthservicioApplicationTests" time="0.506">
    <system-out><![CDATA[10:27:08.105 [main] INFO org.springframework.test.context.support.AnnotationConfigContextLoaderUtils -- Could not detect default configuration classes for test class [carlos.mejia.authservi.AuthservicioApplicationTests]: AuthservicioApplicationTests does not declare any static, non-private, non-final, nested classes annotated with @Configuration.
10:27:08.278 [main] INFO org.springframework.boot.test.context.SpringBootTestContextBootstrapper -- Found @SpringBootConfiguration carlos.mejia.authservi.AuthservicioApplication for test class carlos.mejia.authservi.AuthservicioApplicationTests
10:27:08.827 [main] INFO org.springframework.boot.devtools.restart.RestartApplicationListener -- Restart disabled due to context in which it is running

  .   ____          _            __ _ _
 /\\ / ___'_ __ _ _(_)_ __  __ _ \ \ \ \
( ( )\___ | '_ | '_| | '_ \/ _` | \ \ \ \
 \\/  ___)| |_)| | | | | || (_| |  ) ) ) )
  '  |____| .__|_| |_|_| |_\__, | / / / /
 =========|_|==============|___/=/_/_/_/

 :: Spring Boot ::                (v3.5.7)

2025-11-15T10:27:09.400-06:00  INFO 22200 --- [authservicio] [           main] c.m.a.AuthservicioApplicationTests       : Starting AuthservicioApplicationTests using Java 22.0.2 with PID 22200 (started by bambi in C:\Users\bambi\Documents\workspace-spring-tool-suite-4-4.27.0.RELEASE\authservicioD)
2025-11-15T10:27:09.403-06:00  INFO 22200 --- [authservicio] [           main] c.m.a.AuthservicioApplicationTests       : No active profile set, falling back to 1 default profile: "default"
2025-11-15T10:27:10.833-06:00  INFO 22200 --- [authservicio] [           main] .s.d.r.c.RepositoryConfigurationDelegate : Bootstrapping Spring Data JPA repositories in DEFAULT mode.
2025-11-15T10:27:11.044-06:00  INFO 22200 --- [authservicio] [           main] .s.d.r.c.RepositoryConfigurationDelegate : Finished Spring Data repository scanning in 191 ms. Found 2 JPA repository interfaces.
2025-11-15T10:27:11.576-06:00  INFO 22200 --- [authservicio] [           main] o.s.cloud.context.scope.GenericScope     : BeanFactory id=e1a4e1d0-dd3f-3db6-a846-87cded0387d3
2025-11-15T10:27:12.253-06:00  INFO 22200 --- [authservicio] [           main] o.hibernate.jpa.internal.util.LogHelper  : HHH000204: Processing PersistenceUnitInfo [name: default]
2025-11-15T10:27:12.409-06:00  INFO 22200 --- [authservicio] [           main] org.hibernate.Version                    : HHH000412: Hibernate ORM core version 6.6.33.Final
2025-11-15T10:27:12.501-06:00  INFO 22200 --- [authservicio] [           main] o.h.c.internal.RegionFactoryInitiator    : HHH000026: Second-level cache disabled
2025-11-15T10:27:13.145-06:00  INFO 22200 --- [authservicio] [           main] o.s.o.j.p.SpringPersistenceUnitInfo      : No LoadTimeWeaver setup: ignoring JPA class transformer
2025-11-15T10:27:13.201-06:00  INFO 22200 --- [authservicio] [           main] com.zaxxer.hikari.HikariDataSource       : HikariPool-1 - Starting...
2025-11-15T10:27:13.726-06:00  INFO 22200 --- [authservicio] [           main] com.zaxxer.hikari.pool.HikariPool        : HikariPool-1 - Added connection com.mysql.cj.jdbc.ConnectionImpl@3abadb65
2025-11-15T10:27:13.728-06:00  INFO 22200 --- [authservicio] [           main] com.zaxxer.hikari.HikariDataSource       : HikariPool-1 - Start completed.
2025-11-15T10:27:13.851-06:00  WARN 22200 --- [authservicio] [           main] org.hibernate.orm.deprecation            : HHH90000025: MySQLDialect does not need to be specified explicitly using 'hibernate.dialect' (remove the property setting and it will be selected by default)
2025-11-15T10:27:13.895-06:00  INFO 22200 --- [authservicio] [           main] org.hibernate.orm.connections.pooling    : HHH10001005: Database info:
	Database JDBC URL [Connecting through datasource 'HikariDataSource (HikariPool-1)']
	Database driver: undefined/unknown
	Database version: 8.0.39
	Autocommit mode: undefined/unknown
	Isolation level: undefined/unknown
	Minimum pool size: undefined/unknown
	Maximum pool size: undefined/unknown
2025-11-15T10:27:15.039-06:00  INFO 22200 --- [authservicio] [           main] o.h.e.t.j.p.i.JtaPlatformInitiator       : HHH000489: No JTA platform available (set 'hibernate.transaction.jta.platform' to enable JTA platform integration)
2025-11-15T10:27:15.196-06:00  INFO 22200 --- [authservicio] [           main] j.LocalContainerEntityManagerFactoryBean : Initialized JPA EntityManagerFactory for persistence unit 'default'
2025-11-15T10:27:15.843-06:00  INFO 22200 --- [authservicio] [           main] eAuthenticationProviderManagerConfigurer : Global AuthenticationManager configured with AuthenticationProvider bean with name authenticationProvider
2025-11-15T10:27:15.844-06:00  WARN 22200 --- [authservicio] [           main] r$InitializeUserDetailsManagerConfigurer : Global AuthenticationManager configured with an AuthenticationProvider bean. UserDetailsService beans will not be used by Spring Security for automatically configuring username/password login. Consider removing the AuthenticationProvider bean. Alternatively, consider using the UserDetailsService in a manually instantiated DaoAuthenticationProvider. If the current configuration is intentional, to turn off this warning, increase the logging level of 'org.springframework.security.config.annotation.authentication.configuration.InitializeUserDetailsBeanManagerConfigurer' to ERROR
2025-11-15T10:27:16.031-06:00  WARN 22200 --- [authservicio] [           main] JpaBaseConfiguration$JpaWebConfiguration : spring.jpa.open-in-view is enabled by default. Therefore, database queries may be performed during view rendering. Explicitly configure spring.jpa.open-in-view to disable this warning
2025-11-15T10:27:16.163-06:00  INFO 22200 --- [authservicio] [           main] o.s.c.openfeign.FeignClientFactoryBean   : For 'restaurantespringf' URL not provided. Will try picking an instance via load-balancing.
2025-11-15T10:27:16.270-06:00  INFO 22200 --- [authservicio] [           main] o.s.c.openfeign.FeignClientFactoryBean   : For 'reservaciones' URL not provided. Will try picking an instance via load-balancing.
2025-11-15T10:27:16.840-06:00 DEBUG 22200 --- [authservicio] [           main] o.s.s.web.DefaultSecurityFilterChain     : Will secure any request with filters: DisableEncodeUrlFilter, WebAsyncManagerIntegrationFilter, SecurityContextHolderFilter, HeaderWriterFilter, CorsFilter, LogoutFilter, JwtAuthenticationFilter, RequestCacheAwareFilter, SecurityContextHolderAwareRequestFilter, AnonymousAuthenticationFilter, SessionManagementFilter, ExceptionTranslationFilter, AuthorizationFilter
2025-11-15T10:27:17.419-06:00  INFO 22200 --- [authservicio] [           main] DiscoveryClientOptionalArgsConfiguration : Eureka HTTP Client uses RestTemplate.
2025-11-15T10:27:17.477-06:00  WARN 22200 --- [authservicio] [           main] iguration$LoadBalancerCaffeineWarnLogger : Spring Cloud LoadBalancer is currently working with the default cache. While this cache implementation is useful for development and tests, it's recommended to use Caffeine cache in production.You can switch to using Caffeine cache, by adding it and org.springframework.cache.caffeine.CaffeineCacheManager to the classpath.
2025-11-15T10:27:17.518-06:00  INFO 22200 --- [authservicio] [           main] o.s.c.n.eureka.InstanceInfoFactory       : Setting initial instance status as: STARTING
2025-11-15T10:27:17.596-06:00  INFO 22200 --- [authservicio] [           main] com.netflix.discovery.DiscoveryClient    : Initializing Eureka in region us-east-1
2025-11-15T10:27:17.603-06:00  INFO 22200 --- [authservicio] [           main] c.n.d.s.r.aws.ConfigClusterResolver      : Resolving eureka endpoints via configuration
2025-11-15T10:27:17.620-06:00  INFO 22200 --- [authservicio] [           main] com.netflix.discovery.DiscoveryClient    : Disable delta property : false
2025-11-15T10:27:17.620-06:00  INFO 22200 --- [authservicio] [           main] com.netflix.discovery.DiscoveryClient    : Single vip registry refresh property : null
2025-11-15T10:27:17.621-06:00  INFO 22200 --- [authservicio] [           main] com.netflix.discovery.DiscoveryClient    : Force full registry fetch : false
2025-11-15T10:27:17.621-06:00  INFO 22200 --- [authservicio] [           main] com.netflix.discovery.DiscoveryClient    : Application is null : false
2025-11-15T10:27:17.621-06:00  INFO 22200 --- [authservicio] [           main] com.netflix.discovery.DiscoveryClient    : Registered Applications size is zero : true
2025-11-15T10:27:17.621-06:00  INFO 22200 --- [authservicio] [           main] com.netflix.discovery.DiscoveryClient    : Application version is -1: true
2025-11-15T10:27:17.621-06:00  INFO 22200 --- [authservicio] [           main] com.netflix.discovery.DiscoveryClient    : Getting all instance registry info from the eureka server
2025-11-15T10:27:18.942-06:00  INFO 22200 --- [authservicio] [           main] com.netflix.discovery.DiscoveryClient    : The response status is 200
2025-11-15T10:27:18.944-06:00  INFO 22200 --- [authservicio] [           main] com.netflix.discovery.DiscoveryClient    : Starting heartbeat executor: renew interval is: 30
2025-11-15T10:27:18.946-06:00  INFO 22200 --- [authservicio] [           main] c.n.discovery.InstanceInfoReplicator     : InstanceInfoReplicator onDemand update allowed rate per min is 4
2025-11-15T10:27:18.959-06:00  INFO 22200 --- [authservicio] [           main] com.netflix.discovery.DiscoveryClient    : Discovery Client initialized at timestamp 1763224038947 with initial instances count: 0
2025-11-15T10:27:18.964-06:00  INFO 22200 --- [authservicio] [           main] o.s.c.n.e.s.EurekaServiceRegistry        : Registering application AUTHSERVICIO with eureka with status UP
2025-11-15T10:27:18.965-06:00  INFO 22200 --- [authservicio] [           main] com.netflix.discovery.DiscoveryClient    : Saw local status change event StatusChangeEvent [timestamp=1763224038965, current=UP, previous=STARTING]
2025-11-15T10:27:18.968-06:00  INFO 22200 --- [authservicio] [foReplicator-%d] com.netflix.discovery.DiscoveryClient    : DiscoveryClient_AUTHSERVICIO/DESKTOP-P56K9NJ.mshome.net:authservicio:3013: registering service...
2025-11-15T10:27:18.984-06:00  INFO 22200 --- [authservicio] [           main] c.m.a.AuthservicioApplicationTests       : Started AuthservicioApplicationTests in 10.174 seconds (process running for 11.94)
2025-11-15T10:27:19.419-06:00  INFO 22200 --- [authservicio] [foReplicator-%d] com.netflix.discovery.DiscoveryClient    : DiscoveryClient_AUTHSERVICIO/DESKTOP-P56K9NJ.mshome.net:authservicio:3013 - registration status: 204
Hibernate: select count(*) from perfil p1_0
Hibernate: select count(*) from usuario u1_0
]]></system-out>
    <system-err><![CDATA[Mockito is currently self-attaching to enable the inline-mock-maker. This will no longer work in future releases of the JDK. Please add Mockito as an agent to your build as described in Mockito's documentation: https://javadoc.io/doc/org.mockito/mockito-core/latest/org.mockito/org/mockito/Mockito.html#0.3
WARNING: A Java agent has been loaded dynamically (C:\Users\bambi\.m2\repository\net\bytebuddy\byte-buddy-agent\1.17.8\byte-buddy-agent-1.17.8.jar)
WARNING: If a serviceability tool is in use, please run with -XX:+EnableDynamicAgentLoading to hide this warning
WARNING: If a serviceability tool is not in use, please run with -Djdk.instrument.traceUsage for more information
WARNING: Dynamic loading of agents will be disallowed by default in a future release
]]></system-err>
  </testcase>
</testsuite>